\BOOKMARK [0][-]{chapter.1}{\376\377\000C\000l\000a\000s\000s\000\040\000I\000n\000d\000e\000x}{}% 1
\BOOKMARK [1][-]{section.1.1}{\376\377\000C\000l\000a\000s\000s\000\040\000L\000i\000s\000t}{chapter.1}% 2
\BOOKMARK [0][-]{chapter.2}{\376\377\000C\000l\000a\000s\000s\000\040\000D\000o\000c\000u\000m\000e\000n\000t\000a\000t\000i\000o\000n}{}% 3
\BOOKMARK [1][-]{section.2.1}{\376\377\000M\000T\000R\000a\000n\000d\000\040\000C\000l\000a\000s\000s\000\040\000R\000e\000f\000e\000r\000e\000n\000c\000e}{chapter.2}% 4
\BOOKMARK [2][-]{subsection.2.1.1}{\376\377\000D\000e\000t\000a\000i\000l\000e\000d\000\040\000D\000e\000s\000c\000r\000i\000p\000t\000i\000o\000n}{section.2.1}% 5
\BOOKMARK [1][-]{section.2.2}{\376\377\000t\000D\000a\000t\000a\000\040\000S\000t\000r\000u\000c\000t\000\040\000R\000e\000f\000e\000r\000e\000n\000c\000e}{chapter.2}% 6
\BOOKMARK [2][-]{subsection.2.2.1}{\376\377\000D\000e\000t\000a\000i\000l\000e\000d\000\040\000D\000e\000s\000c\000r\000i\000p\000t\000i\000o\000n}{section.2.2}% 7
\BOOKMARK [1][-]{section.2.3}{\376\377\000t\000D\000e\000m\000a\000n\000d\000\040\000S\000t\000r\000u\000c\000t\000\040\000R\000e\000f\000e\000r\000e\000n\000c\000e}{chapter.2}% 8
\BOOKMARK [1][-]{section.2.4}{\376\377\000t\000D\000e\000m\000a\000n\000d\000C\000o\000s\000t\000u\000m\000e\000r\000\040\000S\000t\000r\000u\000c\000t\000\040\000R\000e\000f\000e\000r\000e\000n\000c\000e}{chapter.2}% 9
\BOOKMARK [2][-]{subsection.2.4.1}{\376\377\000D\000e\000t\000a\000i\000l\000e\000d\000\040\000D\000e\000s\000c\000r\000i\000p\000t\000i\000o\000n}{section.2.4}% 10
\BOOKMARK [1][-]{section.2.5}{\376\377\000t\000P\000o\000s\000\040\000S\000t\000r\000u\000c\000t\000\040\000R\000e\000f\000e\000r\000e\000n\000c\000e}{chapter.2}% 11
\BOOKMARK [2][-]{subsection.2.5.1}{\376\377\000D\000e\000t\000a\000i\000l\000e\000d\000\040\000D\000e\000s\000c\000r\000i\000p\000t\000i\000o\000n}{section.2.5}% 12
\BOOKMARK [1][-]{section.2.6}{\376\377\000t\000S\000e\000r\000v\000i\000c\000e\000T\000i\000m\000e\000C\000o\000s\000t\000u\000m\000e\000r\000\040\000S\000t\000r\000u\000c\000t\000\040\000R\000e\000f\000e\000r\000e\000n\000c\000e}{chapter.2}% 13
\BOOKMARK [2][-]{subsection.2.6.1}{\376\377\000D\000e\000t\000a\000i\000l\000e\000d\000\040\000D\000e\000s\000c\000r\000i\000p\000t\000i\000o\000n}{section.2.6}% 14
\BOOKMARK [1][-]{section.2.7}{\376\377\000t\000S\000o\000l\000o\000m\000o\000n\000\040\000S\000t\000r\000u\000c\000t\000\040\000R\000e\000f\000e\000r\000e\000n\000c\000e}{chapter.2}% 15
\BOOKMARK [2][-]{subsection.2.7.1}{\376\377\000D\000e\000t\000a\000i\000l\000e\000d\000\040\000D\000e\000s\000c\000r\000i\000p\000t\000i\000o\000n}{section.2.7}% 16
\BOOKMARK [1][-]{section.2.8}{\376\377\000t\000T\000i\000m\000e\000W\000i\000n\000d\000o\000w\000\040\000S\000t\000r\000u\000c\000t\000\040\000R\000e\000f\000e\000r\000e\000n\000c\000e}{chapter.2}% 17
\BOOKMARK [1][-]{section.2.9}{\376\377\000t\000T\000i\000m\000e\000W\000i\000n\000d\000o\000w\000C\000o\000s\000t\000u\000m\000e\000r\000\040\000S\000t\000r\000u\000c\000t\000\040\000R\000e\000f\000e\000r\000e\000n\000c\000e}{chapter.2}% 18
\BOOKMARK [1][-]{section.2.10}{\376\377\000t\000T\000i\000m\000e\000W\000i\000n\000d\000o\000w\000D\000e\000p\000o\000t\000\040\000S\000t\000r\000u\000c\000t\000\040\000R\000e\000f\000e\000r\000e\000n\000c\000e}{chapter.2}% 19
\BOOKMARK [2][-]{subsection.2.10.1}{\376\377\000D\000e\000t\000a\000i\000l\000e\000d\000\040\000D\000e\000s\000c\000r\000i\000p\000t\000i\000o\000n}{section.2.10}% 20
\BOOKMARK [1][-]{section.2.11}{\376\377\000V\000R\000P\000T\000W\000I\000n\000s\000t\000a\000n\000c\000e\000G\000e\000n\000e\000r\000a\000t\000o\000r\000\040\000C\000l\000a\000s\000s\000\040\000R\000e\000f\000e\000r\000e\000n\000c\000e}{chapter.2}% 21
\BOOKMARK [2][-]{subsection.2.11.1}{\376\377\000C\000o\000n\000s\000t\000r\000u\000c\000t\000o\000r\000\040\000\046\000\040\000D\000e\000s\000t\000r\000u\000c\000t\000o\000r\000\040\000D\000o\000c\000u\000m\000e\000n\000t\000a\000t\000i\000o\000n}{section.2.11}% 22
\BOOKMARK [3][-]{subsubsection.2.11.1.1}{\376\377\000V\000R\000P\000T\000W\000I\000n\000s\000t\000a\000n\000c\000e\000G\000e\000n\000e\000r\000a\000t\000o\000r}{subsection.2.11.1}% 23
\BOOKMARK [3][-]{subsubsection.2.11.1.2}{\376\377\000V\000R\000P\000T\000W\000I\000n\000s\000t\000a\000n\000c\000e\000G\000e\000n\000e\000r\000a\000t\000o\000r}{subsection.2.11.1}% 24
\BOOKMARK [2][-]{subsection.2.11.2}{\376\377\000M\000e\000m\000b\000e\000r\000\040\000F\000u\000n\000c\000t\000i\000o\000n\000\040\000D\000o\000c\000u\000m\000e\000n\000t\000a\000t\000i\000o\000n}{section.2.11}% 25
\BOOKMARK [3][-]{subsubsection.2.11.2.1}{\376\377\000e\000r\000r\000o\000r}{subsection.2.11.2}% 26
\BOOKMARK [3][-]{subsubsection.2.11.2.2}{\376\377\000g\000e\000n\000e\000r\000a\000t\000e\000A\000l\000l}{subsection.2.11.2}% 27
\BOOKMARK [3][-]{subsubsection.2.11.2.3}{\376\377\000g\000e\000n\000e\000r\000a\000t\000e\000D\000e\000m\000a\000n\000d\000s}{subsection.2.11.2}% 28
\BOOKMARK [3][-]{subsubsection.2.11.2.4}{\376\377\000g\000e\000n\000e\000r\000a\000t\000e\000D\000i\000s\000t\000a\000n\000c\000e\000M\000a\000t\000r\000i\000x}{subsection.2.11.2}% 29
\BOOKMARK [3][-]{subsubsection.2.11.2.5}{\376\377\000g\000e\000n\000e\000r\000a\000t\000e\000M\000a\000t\000r\000i\000c\000e\000s}{subsection.2.11.2}% 30
\BOOKMARK [3][-]{subsubsection.2.11.2.6}{\376\377\000g\000e\000n\000e\000r\000a\000t\000e\000S\000e\000r\000v\000i\000c\000e\000T\000i\000m\000e\000s}{subsection.2.11.2}% 31
\BOOKMARK [3][-]{subsubsection.2.11.2.7}{\376\377\000g\000e\000n\000e\000r\000a\000t\000e\000T\000i\000m\000e\000M\000a\000t\000r\000i\000x}{subsection.2.11.2}% 32
\BOOKMARK [3][-]{subsubsection.2.11.2.8}{\376\377\000g\000e\000n\000e\000r\000a\000t\000e\000T\000i\000m\000e\000W\000i\000n\000d\000o\000w\000s}{subsection.2.11.2}% 33
\BOOKMARK [3][-]{subsubsection.2.11.2.9}{\376\377\000g\000e\000t\000C\000a\000t\000e\000g\000o\000r\000y\000R\000a\000n\000d\000o\000m\000l\000y}{subsection.2.11.2}% 34
\BOOKMARK [3][-]{subsubsection.2.11.2.10}{\376\377\000g\000e\000t\000D\000a\000t\000a}{subsection.2.11.2}% 35
\BOOKMARK [3][-]{subsubsection.2.11.2.11}{\376\377\000g\000e\000t\000P\000o\000s\000i\000t\000i\000o\000n}{subsection.2.11.2}% 36
\BOOKMARK [3][-]{subsubsection.2.11.2.12}{\376\377\000p\000r\000i\000n\000t}{subsection.2.11.2}% 37
\BOOKMARK [3][-]{subsubsection.2.11.2.13}{\376\377\000p\000r\000i\000n\000t\000A\000l\000l}{subsection.2.11.2}% 38
\BOOKMARK [3][-]{subsubsection.2.11.2.14}{\376\377\000p\000r\000i\000n\000t\000D\000i\000s\000t\000a\000n\000c\000e\000M\000a\000t\000r\000i\000x}{subsection.2.11.2}% 39
\BOOKMARK [3][-]{subsubsection.2.11.2.15}{\376\377\000p\000r\000i\000n\000t\000P\000a\000r\000a\000m\000e\000t\000e\000r\000s}{subsection.2.11.2}% 40
\BOOKMARK [3][-]{subsubsection.2.11.2.16}{\376\377\000p\000r\000i\000n\000t\000S\000p\000e\000c\000i\000f\000i\000c\000a\000t\000i\000o\000n\000s}{subsection.2.11.2}% 41
\BOOKMARK [3][-]{subsubsection.2.11.2.17}{\376\377\000p\000r\000i\000n\000t\000T\000i\000m\000e\000M\000a\000t\000r\000i\000x}{subsection.2.11.2}% 42
\BOOKMARK [3][-]{subsubsection.2.11.2.18}{\376\377\000r\000e\000a\000d\000D\000e\000m\000a\000n\000d\000s\000F\000i\000l\000e}{subsection.2.11.2}% 43
\BOOKMARK [3][-]{subsubsection.2.11.2.19}{\376\377\000r\000e\000a\000d\000D\000i\000s\000t\000a\000n\000c\000e\000s\000F\000i\000l\000e}{subsection.2.11.2}% 44
\BOOKMARK [3][-]{subsubsection.2.11.2.20}{\376\377\000r\000e\000a\000d\000I\000d\000s}{subsection.2.11.2}% 45
\BOOKMARK [3][-]{subsubsection.2.11.2.21}{\376\377\000r\000e\000a\000d\000P\000o\000s\000i\000t\000i\000o\000n\000s}{subsection.2.11.2}% 46
\BOOKMARK [3][-]{subsubsection.2.11.2.22}{\376\377\000r\000e\000a\000d\000S\000e\000r\000v\000i\000c\000e\000T\000i\000m\000e\000s\000F\000i\000l\000e}{subsection.2.11.2}% 47
\BOOKMARK [3][-]{subsubsection.2.11.2.23}{\376\377\000r\000e\000a\000d\000T\000i\000m\000e\000s\000F\000i\000l\000e}{subsection.2.11.2}% 48
\BOOKMARK [3][-]{subsubsection.2.11.2.24}{\376\377\000r\000e\000a\000d\000T\000i\000m\000e\000W\000i\000n\000d\000o\000w\000s\000F\000i\000l\000e}{subsection.2.11.2}% 49
\BOOKMARK [3][-]{subsubsection.2.11.2.25}{\376\377\000s\000e\000t\000P\000r\000e\000f\000i\000x}{subsection.2.11.2}% 50
\BOOKMARK [3][-]{subsubsection.2.11.2.26}{\376\377\000s\000e\000t\000S\000e\000e\000d}{subsection.2.11.2}% 51
\BOOKMARK [3][-]{subsubsection.2.11.2.27}{\376\377\000s\000e\000t\000S\000i\000z\000e}{subsection.2.11.2}% 52
\BOOKMARK [3][-]{subsubsection.2.11.2.28}{\376\377\000w\000a\000r\000n\000i\000n\000g}{subsection.2.11.2}% 53
\BOOKMARK [3][-]{subsubsection.2.11.2.29}{\376\377\000w\000r\000i\000t\000e\000A\000l\000l}{subsection.2.11.2}% 54
\BOOKMARK [3][-]{subsubsection.2.11.2.30}{\376\377\000w\000r\000i\000t\000e\000D\000i\000s\000t\000a\000n\000c\000e\000M\000a\000t\000r\000i\000x}{subsection.2.11.2}% 55
\BOOKMARK [3][-]{subsubsection.2.11.2.31}{\376\377\000w\000r\000i\000t\000e\000S\000p\000e\000c\000i\000f\000i\000c\000a\000t\000i\000o\000n\000s}{subsection.2.11.2}% 56
\BOOKMARK [3][-]{subsubsection.2.11.2.32}{\376\377\000w\000r\000i\000t\000e\000T\000i\000m\000e\000M\000a\000t\000r\000i\000x}{subsection.2.11.2}% 57
